# JRE version: OpenJDK Runtime Environment OpenLogic-OpenJDK (11.0.20+8) (build 11.0.20+8-adhoc..jdk11u)
# Java VM: OpenJDK 64-Bit Server VM OpenLogic-OpenJDK (11.0.20+8-adhoc..jdk11u, mixed mode, tiered, compressed oops, g1 gc, windows-amd64)
Heap:
 garbage-first heap   total 226304K, used 135648K [0x0000000080000000, 0x0000000100000000)
  region size 1024K, 3 young (3072K), 3 survivors (3072K)
 Metaspace       used 96881K, capacity 100100K, committed 100316K, reserved 602112K
  class space    used 13024K, capacity 14349K, committed 14460K, reserved 516096K
GC Heap History (20 events):
Event: 56.281 GC heap after
{Heap after GC invocations=49 (full 0):
 garbage-first heap   total 129024K, used 119831K [0x0000000080000000, 0x0000000100000000)
  region size 1024K, 1 young (1024K), 1 survivors (1024K)
 Metaspace       used 93365K, capacity 96188K, committed 96476K, reserved 600064K
  class space    used 12522K, capacity 13647K, committed 13692K, reserved 516096K
}
Event: 56.378 GC heap before
{Heap before GC invocations=50 (full 0):
 garbage-first heap   total 129024K, used 124951K [0x0000000080000000, 0x0000000100000000)
  region size 1024K, 6 young (6144K), 1 survivors (1024K)
 Metaspace       used 93476K, capacity 96296K, committed 96604K, reserved 600064K
  class space    used 12534K, capacity 13682K, committed 13820K, reserved 516096K
}
Event: 56.380 GC heap after
{Heap after GC invocations=51 (full 0):
 garbage-first heap   total 129024K, used 120563K [0x0000000080000000, 0x0000000100000000)
  region size 1024K, 1 young (1024K), 1 survivors (1024K)
 Metaspace       used 93476K, capacity 96296K, committed 96604K, reserved 600064K
  class space    used 12534K, capacity 13682K, committed 13820K, reserved 516096K
}
Event: 56.494 GC heap before
{Heap before GC invocations=51 (full 0):
 garbage-first heap   total 129024K, used 125683K [0x0000000080000000, 0x0000000100000000)
  region size 1024K, 6 young (6144K), 1 survivors (1024K)
 Metaspace       used 93570K, capacity 96496K, committed 96604K, reserved 600064K
  class space    used 12544K, capacity 13725K, committed 13820K, reserved 516096K
}
Event: 56.497 GC heap after
{Heap after GC invocations=52 (full 0):
 garbage-first heap   total 155648K, used 121613K [0x0000000080000000, 0x0000000100000000)
  region size 1024K, 1 young (1024K), 1 survivors (1024K)
 Metaspace       used 93570K, capacity 96496K, committed 96604K, reserved 600064K
  class space    used 12544K, capacity 13725K, committed 13820K, reserved 516096K
}
Event: 56.728 GC heap before
{Heap before GC invocations=53 (full 0):
 garbage-first heap   total 155648K, used 128781K [0x0000000080000000, 0x0000000100000000)
  region size 1024K, 8 young (8192K), 1 survivors (1024K)
 Metaspace       used 93621K, capacity 96570K, committed 96860K, reserved 600064K
  class space    used 12546K, capacity 13727K, committed 13820K, reserved 516096K
}
Event: 56.731 GC heap after
{Heap after GC invocations=54 (full 0):
 garbage-first heap   total 155648K, used 122420K [0x0000000080000000, 0x0000000100000000)
  region size 1024K, 1 young (1024K), 1 survivors (1024K)
 Metaspace       used 93621K, capacity 96570K, committed 96860K, reserved 600064K
  class space    used 12546K, capacity 13727K, committed 13820K, reserved 516096K
}
Event: 56.781 GC heap before
{Heap before GC invocations=54 (full 0):
 garbage-first heap   total 155648K, used 128564K [0x0000000080000000, 0x0000000100000000)
  region size 1024K, 8 young (8192K), 1 survivors (1024K)
 Metaspace       used 93623K, capacity 96571K, committed 96860K, reserved 600064K
  class space    used 12546K, capacity 13727K, committed 13820K, reserved 516096K
}
Event: 56.783 GC heap after
{Heap after GC invocations=55 (full 0):
 garbage-first heap   total 155648K, used 122721K [0x0000000080000000, 0x0000000100000000)
  region size 1024K, 1 young (1024K), 1 survivors (1024K)
 Metaspace       used 93623K, capacity 96571K, committed 96860K, reserved 600064K
  class space    used 12546K, capacity 13727K, committed 13820K, reserved 516096K
}
Event: 56.988 GC heap before
{Heap before GC invocations=56 (full 0):
 garbage-first heap   total 155648K, used 130913K [0x0000000080000000, 0x0000000100000000)
  region size 1024K, 8 young (8192K), 1 survivors (1024K)
 Metaspace       used 93653K, capacity 96660K, committed 96860K, reserved 600064K
  class space    used 12551K, capacity 13734K, committed 13820K, reserved 516096K
}
Event: 56.990 GC heap after
{Heap after GC invocations=57 (full 0):
 garbage-first heap   total 155648K, used 128267K [0x0000000080000000, 0x0000000100000000)
  region size 1024K, 1 young (1024K), 1 survivors (1024K)
 Metaspace       used 93653K, capacity 96660K, committed 96860K, reserved 600064K
  class space    used 12551K, capacity 13734K, committed 13820K, reserved 516096K
}
Event: 57.088 GC heap before
{Heap before GC invocations=57 (full 0):
 garbage-first heap   total 155648K, used 134411K [0x0000000080000000, 0x0000000100000000)
  region size 1024K, 7 young (7168K), 1 survivors (1024K)
 Metaspace       used 93761K, capacity 96700K, committed 96860K, reserved 600064K
  class space    used 12565K, capacity 13769K, committed 13820K, reserved 516096K
}
Event: 57.091 GC heap after
{Heap after GC invocations=58 (full 0):
 garbage-first heap   total 187392K, used 130274K [0x0000000080000000, 0x0000000100000000)
  region size 1024K, 1 young (1024K), 1 survivors (1024K)
 Metaspace       used 93761K, capacity 96700K, committed 96860K, reserved 600064K
  class space    used 12565K, capacity 13769K, committed 13820K, reserved 516096K
}
Event: 57.342 GC heap before
{Heap before GC invocations=59 (full 0):
 garbage-first heap   total 187392K, used 145634K [0x0000000080000000, 0x0000000100000000)
  region size 1024K, 16 young (16384K), 1 survivors (1024K)
 Metaspace       used 94169K, capacity 97245K, committed 97500K, reserved 600064K
  class space    used 12628K, capacity 13864K, committed 13948K, reserved 516096K
}
Event: 57.347 GC heap after
{Heap after GC invocations=60 (full 0):
 garbage-first heap   total 187392K, used 132920K [0x0000000080000000, 0x0000000100000000)
  region size 1024K, 2 young (2048K), 2 survivors (2048K)
 Metaspace       used 94169K, capacity 97245K, committed 97500K, reserved 600064K
  class space    used 12628K, capacity 13864K, committed 13948K, reserved 516096K
}
Event: 57.530 GC heap before
{Heap before GC invocations=60 (full 0):
 garbage-first heap   total 187392K, used 148280K [0x0000000080000000, 0x0000000100000000)
  region size 1024K, 17 young (17408K), 2 survivors (2048K)
 Metaspace       used 94932K, capacity 98057K, committed 98140K, reserved 602112K
  class space    used 12754K, capacity 14041K, committed 14076K, reserved 516096K
}
Event: 57.534 GC heap after
{Heap after GC invocations=61 (full 0):
 garbage-first heap   total 187392K, used 133788K [0x0000000080000000, 0x0000000100000000)
  region size 1024K, 2 young (2048K), 2 survivors (2048K)
 Metaspace       used 94932K, capacity 98057K, committed 98140K, reserved 602112K
  class space    used 12754K, capacity 14041K, committed 14076K, reserved 516096K
}
Event: 57.800 GC heap before
{Heap before GC invocations=62 (full 0):
 garbage-first heap   total 187392K, used 150172K [0x0000000080000000, 0x0000000100000000)
  region size 1024K, 18 young (18432K), 2 survivors (2048K)
 Metaspace       used 95866K, capacity 99022K, committed 99420K, reserved 602112K
  class space    used 12885K, capacity 14184K, committed 14332K, reserved 516096K
}
Event: 57.804 GC heap after
{Heap after GC invocations=63 (full 0):
 garbage-first heap   total 187392K, used 134718K [0x0000000080000000, 0x0000000100000000)
  region size 1024K, 2 young (2048K), 2 survivors (2048K)
 Metaspace       used 95866K, capacity 99022K, committed 99420K, reserved 602112K
  class space    used 12885K, capacity 14184K, committed 14332K, reserved 516096K
}
Event: 57.913 GC heap before
{Heap before GC invocations=63 (full 0):
 garbage-first heap   total 187392K, used 151102K [0x0000000080000000, 0x0000000100000000)
  region size 1024K, 18 young (18432K), 2 survivors (2048K)
 Metaspace       used 96881K, capacity 100100K, committed 100316K, reserved 602112K
  class space    used 13024K, capacity 14349K, committed 14460K, reserved 516096K
}

